12.7877 	WARNING 	We strongly recommend you activate the PTB sound engine in PsychoPy prefs as the preferred audio engine. Its timing is vastly superior. Your prefs are currently set to use ['sounddevice', 'PTB', 'pyo', 'pygame'] (in that order).
30.4255 	WARNING 	User requested fullscreen with size [1024  768], but screen is actually [1920, 1080]. Using actual size
31.9993 	EXP 	Created window1 = Window(allowGUI=True, allowStencil=False, autoLog=True, backendConf=UNKNOWN, bitsMode=UNKNOWN, blendMode='avg', bpc=(8, 8, 8), color=array([0, 0, 0]), colorSpace='rgb', depthBits=8, fullscr=<method-wrapper '__getattribute__' of attributeSetter object at 0x00000196C3DFB3A0>, gamma=None, gammaErrorPolicy='raise', lms=UNKNOWN, monitor=<psychopy.monitors.calibTools.Monitor object at 0x00000196F0E025B0>, multiSample=False, name='window1', numSamples=2, pos=(0, 0), screen=0, size=array([1920, 1080]), stencilBits=0, stereo=False, units='height', useFBO=True, useRetina=False, viewOri=0.0, viewPos=None, viewScale=None, waitBlanking=True, winType='pyglet')
32.0009 	EXP 	window1: mouseVisible = True
32.0010 	EXP 	window1: mouseVisible = False
32.0010 	EXP 	window1: Attempting to measure frame rate of screen (0) ...
32.0010 	EXP 	window1: recordFrameIntervals = False
32.1647 	EXP 	window1: recordFrameIntervals = True
32.3483 	EXP 	Screen (0) actual frame rate measured at 60.15Hz
32.3483 	EXP 	window1: recordFrameIntervals = False
36.2161 	EXP 	Created fixation = ShapeStim(__class__=<class 'psychopy.visual.shape.ShapeStim'>, anchor=('center', 'center'), autoDraw=False, autoLog=True, closeShape=True, color=method-wrapper(...), colorSpace='rgb', contrast=None, depth=0.0, fillColor=array([1, 1, 1]), fillColorSpace='rgb', fillRGB=array([1, 1, 1]), interpolate=True, lineColor=array([1, 1, 1]), lineColorSpace='rgb', lineRGB=array([1, 1, 1]), lineWidth=1.0, name='fixation', opacity=1.0, ori=0.0, pos=array([0., 0.]), size=array([10., 10.]), units='pix', vertices=ndarray(...), win=Window(...), windingRule=None)
36.2296 	EXP 	Created grating = GratingStim(__class__=<class 'psychopy.visual.grating.GratingStim'>, anchor='center', autoDraw=False, autoLog=True, blendmode='avg', color=array([0.3, 0.3, 0.3]), colorSpace='rgb', contrast=0.3, depth=-1.0, interpolate=True, mask='gauss', maskParams=None, name='grating', opacity=1.0, ori=1.0, phase=array([0., 0.]), pos=array([0., 0.]), rgbPedestal=array([0., 0., 0.]), sf=array([5., 5.]), size=array([0.2, 0.2]), tex='sin', texRes=128.0, units='height', win=Window(...))
36.2335 	EXP 	Created sequence: random, trialTypes=1, nReps=100, seed=None
36.2340 	EXP 	New trial (rep=0, index=0): None
36.2397 	EXP 	grating: ori = 3.0
36.2397 	EXP 	fixation: autoDraw = True
37.2464 	EXP 	fixation: autoDraw = False
37.2464 	EXP 	grating: autoDraw = True
37.2464 	EXP 	grating: tex = 'sin'
37.5601 	EXP 	grating: autoDraw = False
40.3433 	EXP 	New trial (rep=1, index=0): None
40.3460 	DATA 	Keypress: up
40.3577 	EXP 	fixation: autoDraw = False
40.3577 	EXP 	grating: autoDraw = False
40.3577 	EXP 	grating: ori = -5.0
40.3577 	EXP 	fixation: autoDraw = True
41.3569 	EXP 	fixation: autoDraw = False
41.3569 	EXP 	grating: autoDraw = True
41.6566 	EXP 	grating: autoDraw = False
44.4253 	EXP 	New trial (rep=2, index=0): None
44.4276 	DATA 	Keypress: up
44.4378 	EXP 	fixation: autoDraw = False
44.4378 	EXP 	grating: autoDraw = False
44.4378 	EXP 	grating: ori = 0.0
44.4378 	EXP 	fixation: autoDraw = True
45.4372 	EXP 	fixation: autoDraw = False
45.4372 	EXP 	grating: autoDraw = True
45.7367 	EXP 	grating: autoDraw = False
46.3388 	EXP 	New trial (rep=3, index=0): None
46.3398 	DATA 	Keypress: up
46.3527 	EXP 	fixation: autoDraw = False
46.3527 	EXP 	grating: autoDraw = False
46.3527 	EXP 	grating: ori = 0.0
46.3527 	EXP 	fixation: autoDraw = True
47.3520 	EXP 	fixation: autoDraw = False
47.3520 	EXP 	grating: autoDraw = True
47.6518 	EXP 	grating: autoDraw = False
48.1532 	EXP 	New trial (rep=4, index=0): None
48.1542 	DATA 	Keypress: up
48.1681 	EXP 	fixation: autoDraw = False
48.1681 	EXP 	grating: autoDraw = False
48.1681 	EXP 	grating: ori = 1.0
48.1681 	EXP 	fixation: autoDraw = True
49.1672 	EXP 	fixation: autoDraw = False
49.1672 	EXP 	grating: autoDraw = True
49.4671 	EXP 	grating: autoDraw = False
50.4367 	EXP 	New trial (rep=5, index=0): None
50.4380 	DATA 	Keypress: down
50.4493 	EXP 	fixation: autoDraw = False
50.4493 	EXP 	grating: autoDraw = False
50.4493 	EXP 	grating: ori = 0.0
50.4493 	EXP 	fixation: autoDraw = True
51.4487 	EXP 	fixation: autoDraw = False
51.4487 	EXP 	grating: autoDraw = True
51.7484 	EXP 	grating: autoDraw = False
52.6328 	EXP 	New trial (rep=6, index=0): None
52.6342 	DATA 	Keypress: up
52.6475 	EXP 	fixation: autoDraw = False
52.6475 	EXP 	grating: autoDraw = False
52.6475 	EXP 	grating: ori = 0.0
52.6475 	EXP 	fixation: autoDraw = True
53.6468 	EXP 	fixation: autoDraw = False
53.6468 	EXP 	grating: autoDraw = True
53.9464 	EXP 	grating: autoDraw = False
54.3980 	EXP 	New trial (rep=7, index=0): None
54.3988 	DATA 	Keypress: down
54.4128 	EXP 	fixation: autoDraw = False
54.4128 	EXP 	grating: autoDraw = False
54.4128 	EXP 	grating: ori = -5.0
54.4128 	EXP 	fixation: autoDraw = True
55.4122 	EXP 	fixation: autoDraw = False
55.4122 	EXP 	grating: autoDraw = True
55.7120 	EXP 	grating: autoDraw = False
56.2154 	EXP 	New trial (rep=8, index=0): None
56.2170 	DATA 	Keypress: down
56.2280 	EXP 	fixation: autoDraw = False
56.2280 	EXP 	grating: autoDraw = False
56.2280 	EXP 	grating: ori = 0.0
56.2280 	EXP 	fixation: autoDraw = True
57.2275 	EXP 	fixation: autoDraw = False
57.2275 	EXP 	grating: autoDraw = True
57.5270 	EXP 	grating: autoDraw = False
58.0304 	EXP 	New trial (rep=9, index=0): None
58.0317 	DATA 	Keypress: up
58.0432 	EXP 	fixation: autoDraw = False
58.0432 	EXP 	grating: autoDraw = False
58.0432 	EXP 	grating: ori = 0.0
58.0432 	EXP 	fixation: autoDraw = True
59.0424 	EXP 	fixation: autoDraw = False
59.0424 	EXP 	grating: autoDraw = True
59.3418 	EXP 	grating: autoDraw = False
59.5269 	DATA 	Keypress: down
59.5449 	EXP 	New trial (rep=10, index=0): None
59.5587 	EXP 	fixation: autoDraw = False
59.5587 	EXP 	grating: autoDraw = False
59.5587 	EXP 	grating: ori = 3.0
59.5587 	EXP 	fixation: autoDraw = True
60.5580 	EXP 	fixation: autoDraw = False
60.5580 	EXP 	grating: autoDraw = True
60.8575 	EXP 	grating: autoDraw = False
61.0266 	EXP 	New trial (rep=11, index=0): None
61.0276 	DATA 	Keypress: down
61.0407 	EXP 	fixation: autoDraw = False
61.0407 	EXP 	grating: autoDraw = False
61.0407 	EXP 	grating: ori = 0.0
61.0407 	EXP 	fixation: autoDraw = True
62.0398 	EXP 	fixation: autoDraw = False
62.0398 	EXP 	grating: autoDraw = True
62.3397 	EXP 	grating: autoDraw = False
62.8096 	EXP 	New trial (rep=12, index=0): None
62.8108 	DATA 	Keypress: up
62.8227 	EXP 	fixation: autoDraw = False
62.8227 	EXP 	grating: autoDraw = False
62.8227 	EXP 	grating: ori = -4.0
62.8227 	EXP 	fixation: autoDraw = True
63.8220 	EXP 	fixation: autoDraw = False
63.8220 	EXP 	grating: autoDraw = True
64.1218 	EXP 	grating: autoDraw = False
64.3084 	EXP 	New trial (rep=13, index=0): None
64.3097 	DATA 	Keypress: down
64.3215 	EXP 	fixation: autoDraw = False
64.3215 	EXP 	grating: autoDraw = False
64.3215 	EXP 	grating: ori = 0.0
64.3215 	EXP 	fixation: autoDraw = True
65.3209 	EXP 	fixation: autoDraw = False
65.3209 	EXP 	grating: autoDraw = True
65.6205 	EXP 	grating: autoDraw = False
65.9240 	EXP 	New trial (rep=14, index=0): None
65.9252 	DATA 	Keypress: up
65.9366 	EXP 	fixation: autoDraw = False
65.9366 	EXP 	grating: autoDraw = False
65.9366 	EXP 	grating: ori = 0.0
65.9366 	EXP 	fixation: autoDraw = True
66.9359 	EXP 	fixation: autoDraw = False
66.9359 	EXP 	grating: autoDraw = True
67.2356 	EXP 	grating: autoDraw = False
67.4728 	EXP 	New trial (rep=15, index=0): None
67.4739 	DATA 	Keypress: up
67.4853 	EXP 	fixation: autoDraw = False
67.4853 	EXP 	grating: autoDraw = False
67.4853 	EXP 	grating: ori = 0.0
67.4853 	EXP 	fixation: autoDraw = True
68.4847 	EXP 	fixation: autoDraw = False
68.4847 	EXP 	grating: autoDraw = True
68.7843 	EXP 	grating: autoDraw = False
68.8696 	EXP 	New trial (rep=16, index=0): None
68.8705 	DATA 	Keypress: down
68.8842 	EXP 	fixation: autoDraw = False
68.8842 	EXP 	grating: autoDraw = False
68.8842 	EXP 	grating: ori = 3.0
68.8842 	EXP 	fixation: autoDraw = True
69.8835 	EXP 	fixation: autoDraw = False
69.8835 	EXP 	grating: autoDraw = True
70.1832 	EXP 	grating: autoDraw = False
70.3025 	EXP 	New trial (rep=17, index=0): None
70.3036 	DATA 	Keypress: up
70.3168 	EXP 	fixation: autoDraw = False
70.3168 	EXP 	grating: autoDraw = False
70.3168 	EXP 	grating: ori = 2.0
70.3168 	EXP 	fixation: autoDraw = True
71.3157 	EXP 	fixation: autoDraw = False
71.3157 	EXP 	grating: autoDraw = True
71.6156 	EXP 	grating: autoDraw = False
71.7168 	EXP 	New trial (rep=18, index=0): None
71.7183 	DATA 	Keypress: down
71.7318 	EXP 	fixation: autoDraw = False
71.7318 	EXP 	grating: autoDraw = False
71.7318 	EXP 	grating: ori = 0.0
71.7318 	EXP 	fixation: autoDraw = True
72.7312 	EXP 	fixation: autoDraw = False
72.7312 	EXP 	grating: autoDraw = True
73.0309 	EXP 	grating: autoDraw = False
73.2333 	EXP 	New trial (rep=19, index=0): None
73.2344 	DATA 	Keypress: up
73.2474 	EXP 	fixation: autoDraw = False
73.2474 	EXP 	grating: autoDraw = False
73.2474 	EXP 	grating: ori = -3.0
73.2474 	EXP 	fixation: autoDraw = True
74.2467 	EXP 	fixation: autoDraw = False
74.2467 	EXP 	grating: autoDraw = True
74.5465 	EXP 	grating: autoDraw = False
74.6660 	EXP 	New trial (rep=20, index=0): None
74.6673 	DATA 	Keypress: up
74.6795 	EXP 	fixation: autoDraw = False
74.6795 	EXP 	grating: autoDraw = False
74.6795 	EXP 	grating: ori = 0.0
74.6795 	EXP 	fixation: autoDraw = True
75.6789 	EXP 	fixation: autoDraw = False
75.6789 	EXP 	grating: autoDraw = True
75.9783 	EXP 	grating: autoDraw = False
76.0632 	EXP 	New trial (rep=21, index=0): None
76.0641 	DATA 	Keypress: up
76.0782 	EXP 	fixation: autoDraw = False
76.0782 	EXP 	grating: autoDraw = False
76.0782 	EXP 	grating: ori = 0.0
76.0782 	EXP 	fixation: autoDraw = True
77.0777 	EXP 	fixation: autoDraw = False
77.0777 	EXP 	grating: autoDraw = True
77.3773 	EXP 	grating: autoDraw = False
77.4971 	EXP 	New trial (rep=22, index=0): None
77.4984 	DATA 	Keypress: down
77.5106 	EXP 	fixation: autoDraw = False
77.5106 	EXP 	grating: autoDraw = False
77.5106 	EXP 	grating: ori = 2.0
77.5106 	EXP 	fixation: autoDraw = True
78.5099 	EXP 	fixation: autoDraw = False
78.5099 	EXP 	grating: autoDraw = True
78.8098 	EXP 	grating: autoDraw = False
78.9455 	EXP 	New trial (rep=23, index=0): None
78.9465 	DATA 	Keypress: up
78.9592 	EXP 	fixation: autoDraw = False
78.9592 	EXP 	grating: autoDraw = False
78.9592 	EXP 	grating: ori = 3.0
78.9592 	EXP 	fixation: autoDraw = True
79.9587 	EXP 	fixation: autoDraw = False
79.9587 	EXP 	grating: autoDraw = True
80.2581 	EXP 	grating: autoDraw = False
80.6120 	EXP 	New trial (rep=24, index=0): None
80.6134 	DATA 	Keypress: down
80.6245 	EXP 	fixation: autoDraw = False
80.6245 	EXP 	grating: autoDraw = False
80.6245 	EXP 	grating: ori = 0.0
80.6245 	EXP 	fixation: autoDraw = True
81.6239 	EXP 	fixation: autoDraw = False
81.6239 	EXP 	grating: autoDraw = True
81.9237 	EXP 	grating: autoDraw = False
82.2092 	EXP 	New trial (rep=25, index=0): None
82.2100 	DATA 	Keypress: up
82.2233 	EXP 	fixation: autoDraw = False
82.2233 	EXP 	grating: autoDraw = False
82.2233 	EXP 	grating: ori = 4.0
82.2233 	EXP 	fixation: autoDraw = True
83.2223 	EXP 	grating: autoDraw = True
83.2392 	EXP 	fixation: autoDraw = False
83.5222 	EXP 	grating: autoDraw = False
83.6075 	EXP 	New trial (rep=26, index=0): None
83.6084 	DATA 	Keypress: up
83.6220 	EXP 	fixation: autoDraw = False
83.6220 	EXP 	grating: autoDraw = False
83.6220 	EXP 	grating: ori = -2.0
83.6220 	EXP 	fixation: autoDraw = True
84.6214 	EXP 	fixation: autoDraw = False
84.6214 	EXP 	grating: autoDraw = True
84.9211 	EXP 	grating: autoDraw = False
85.1079 	EXP 	New trial (rep=27, index=0): None
85.1092 	DATA 	Keypress: up
85.1210 	EXP 	fixation: autoDraw = False
85.1210 	EXP 	grating: autoDraw = False
85.1210 	EXP 	grating: ori = 0.0
85.1210 	EXP 	fixation: autoDraw = True
86.1203 	EXP 	fixation: autoDraw = False
86.1203 	EXP 	grating: autoDraw = True
86.4199 	EXP 	grating: autoDraw = False
86.5210 	EXP 	New trial (rep=28, index=0): None
86.5216 	DATA 	Keypress: down
86.5363 	EXP 	fixation: autoDraw = False
86.5363 	EXP 	grating: autoDraw = False
86.5363 	EXP 	grating: ori = 0.0
86.5363 	EXP 	fixation: autoDraw = True
87.5359 	EXP 	fixation: autoDraw = False
87.5359 	EXP 	grating: autoDraw = True
87.8354 	EXP 	grating: autoDraw = False
87.8546 	EXP 	New trial (rep=29, index=0): None
87.8557 	DATA 	Keypress: up
87.8685 	EXP 	fixation: autoDraw = False
87.8685 	EXP 	grating: autoDraw = False
87.8685 	EXP 	grating: ori = 0.0
87.8685 	EXP 	fixation: autoDraw = True
88.8679 	EXP 	fixation: autoDraw = False
88.8679 	EXP 	grating: autoDraw = True
89.1677 	EXP 	grating: autoDraw = False
89.2532 	EXP 	New trial (rep=30, index=0): None
89.2543 	DATA 	Keypress: up
89.2675 	EXP 	fixation: autoDraw = False
89.2675 	EXP 	grating: autoDraw = False
89.2675 	EXP 	grating: ori = 3.0
89.2675 	EXP 	fixation: autoDraw = True
90.2667 	EXP 	fixation: autoDraw = False
90.2667 	EXP 	grating: autoDraw = True
90.5664 	EXP 	grating: autoDraw = False
90.8025 	EXP 	New trial (rep=31, index=0): None
90.8036 	DATA 	Keypress: down
90.8162 	EXP 	fixation: autoDraw = False
90.8162 	EXP 	grating: autoDraw = False
90.8162 	EXP 	grating: ori = 4.0
90.8162 	EXP 	fixation: autoDraw = True
91.8155 	EXP 	fixation: autoDraw = False
91.8155 	EXP 	grating: autoDraw = True
92.1154 	EXP 	grating: autoDraw = False
92.1195 	EXP 	New trial (rep=32, index=0): None
92.1207 	DATA 	Keypress: up
92.1319 	EXP 	fixation: autoDraw = False
92.1319 	EXP 	grating: autoDraw = False
92.1319 	EXP 	grating: ori = 0.0
92.1319 	EXP 	fixation: autoDraw = True
93.1314 	EXP 	grating: autoDraw = True
93.1479 	EXP 	fixation: autoDraw = False
93.4308 	EXP 	grating: autoDraw = False
93.6341 	EXP 	New trial (rep=33, index=0): None
93.6352 	DATA 	Keypress: up
93.6474 	EXP 	fixation: autoDraw = False
93.6474 	EXP 	grating: autoDraw = False
93.6474 	EXP 	grating: ori = -2.0
93.6474 	EXP 	fixation: autoDraw = True
94.6468 	EXP 	fixation: autoDraw = False
94.6468 	EXP 	grating: autoDraw = True
94.9464 	EXP 	grating: autoDraw = False
95.1833 	EXP 	New trial (rep=34, index=0): None
95.1845 	DATA 	Keypress: up
95.1961 	EXP 	fixation: autoDraw = False
95.1961 	EXP 	grating: autoDraw = False
95.1961 	EXP 	grating: ori = 0.0
95.1961 	EXP 	fixation: autoDraw = True
95.5642 	DATA 	Keypress: down
96.1954 	EXP 	fixation: autoDraw = False
96.1954 	EXP 	grating: autoDraw = True
96.4951 	EXP 	grating: autoDraw = False
97.1805 	EXP 	New trial (rep=35, index=0): None
97.1817 	DATA 	Keypress: down
97.1943 	EXP 	fixation: autoDraw = False
97.1943 	EXP 	grating: autoDraw = False
97.1943 	EXP 	grating: ori = -4.0
97.1943 	EXP 	fixation: autoDraw = True
98.1937 	EXP 	fixation: autoDraw = False
98.1937 	EXP 	grating: autoDraw = True
98.4935 	EXP 	grating: autoDraw = False
98.6461 	EXP 	New trial (rep=36, index=0): None
98.6473 	DATA 	Keypress: down
98.6599 	EXP 	fixation: autoDraw = False
98.6599 	EXP 	grating: autoDraw = False
98.6599 	EXP 	grating: ori = 2.0
98.6599 	EXP 	fixation: autoDraw = True
99.6590 	EXP 	fixation: autoDraw = False
99.6590 	EXP 	grating: autoDraw = True
99.9588 	EXP 	grating: autoDraw = False
100.1118 	EXP 	New trial (rep=37, index=0): None
100.1131 	DATA 	Keypress: down
100.1252 	EXP 	fixation: autoDraw = False
100.1252 	EXP 	grating: autoDraw = False
100.1252 	EXP 	grating: ori = 3.0
100.1252 	EXP 	fixation: autoDraw = True
101.1245 	EXP 	grating: autoDraw = True
101.1413 	EXP 	fixation: autoDraw = False
101.4244 	EXP 	grating: autoDraw = False
101.4942 	EXP 	New trial (rep=38, index=0): None
101.4954 	DATA 	Keypress: down
101.5072 	EXP 	fixation: autoDraw = False
101.5072 	EXP 	grating: autoDraw = False
101.5072 	EXP 	grating: ori = 0.0
101.5072 	EXP 	fixation: autoDraw = True
102.5068 	EXP 	fixation: autoDraw = False
102.5068 	EXP 	grating: autoDraw = True
102.8064 	EXP 	grating: autoDraw = False
103.0931 	EXP 	New trial (rep=39, index=0): None
103.0945 	DATA 	Keypress: down
103.1062 	EXP 	fixation: autoDraw = False
103.1062 	EXP 	grating: autoDraw = False
103.1062 	EXP 	grating: ori = 0.0
103.1062 	EXP 	fixation: autoDraw = True
104.1055 	EXP 	fixation: autoDraw = False
104.1055 	EXP 	grating: autoDraw = True
104.4051 	EXP 	grating: autoDraw = False
104.4081 	EXP 	New trial (rep=40, index=0): None
104.4094 	DATA 	Keypress: up
104.4219 	EXP 	fixation: autoDraw = False
104.4219 	EXP 	grating: autoDraw = False
104.4219 	EXP 	grating: ori = 2.0
104.4219 	EXP 	fixation: autoDraw = True
105.4213 	EXP 	grating: autoDraw = True
105.4379 	EXP 	fixation: autoDraw = False
105.7208 	EXP 	grating: autoDraw = False
105.9752 	EXP 	New trial (rep=41, index=0): None
105.9760 	DATA 	Keypress: up
105.9871 	EXP 	fixation: autoDraw = False
105.9871 	EXP 	grating: autoDraw = False
105.9871 	EXP 	grating: ori = 0.0
105.9871 	EXP 	fixation: autoDraw = True
106.9864 	EXP 	fixation: autoDraw = False
106.9864 	EXP 	grating: autoDraw = True
107.2862 	EXP 	grating: autoDraw = False
108.0043 	EXP 	New trial (rep=42, index=0): None
108.0052 	DATA 	Keypress: up
108.0189 	EXP 	fixation: autoDraw = False
108.0189 	EXP 	grating: autoDraw = False
108.0189 	EXP 	grating: ori = 4.0
108.0189 	EXP 	fixation: autoDraw = True
109.0179 	EXP 	fixation: autoDraw = False
109.0179 	EXP 	grating: autoDraw = True
109.3179 	EXP 	grating: autoDraw = False
109.4192 	EXP 	New trial (rep=43, index=0): None
109.4199 	DATA 	Keypress: down
109.4341 	EXP 	fixation: autoDraw = False
109.4341 	EXP 	grating: autoDraw = False
109.4341 	EXP 	grating: ori = 0.0
109.4341 	EXP 	fixation: autoDraw = True
110.4338 	EXP 	fixation: autoDraw = False
110.4338 	EXP 	grating: autoDraw = True
110.7335 	EXP 	grating: autoDraw = False
110.8516 	EXP 	New trial (rep=44, index=0): None
110.8525 	DATA 	Keypress: up
110.8664 	EXP 	fixation: autoDraw = False
110.8664 	EXP 	grating: autoDraw = False
110.8664 	EXP 	grating: ori = 2.0
110.8664 	EXP 	fixation: autoDraw = True
111.8658 	EXP 	fixation: autoDraw = False
111.8658 	EXP 	grating: autoDraw = True
112.1655 	EXP 	grating: autoDraw = False
112.3352 	EXP 	New trial (rep=45, index=0): None
112.3364 	DATA 	Keypress: down
112.3485 	EXP 	fixation: autoDraw = False
112.3485 	EXP 	grating: autoDraw = False
112.3485 	EXP 	grating: ori = 0.0
112.3485 	EXP 	fixation: autoDraw = True
113.3478 	EXP 	fixation: autoDraw = False
113.3478 	EXP 	grating: autoDraw = True
113.6471 	EXP 	grating: autoDraw = False
113.9001 	EXP 	New trial (rep=46, index=0): None
113.9011 	DATA 	Keypress: up
113.9142 	EXP 	fixation: autoDraw = False
113.9142 	EXP 	grating: autoDraw = False
113.9142 	EXP 	grating: ori = 0.0
113.9142 	EXP 	fixation: autoDraw = True
114.9131 	EXP 	grating: autoDraw = True
114.9298 	EXP 	fixation: autoDraw = False
115.2131 	EXP 	grating: autoDraw = False
115.5973 	EXP 	New trial (rep=47, index=0): None
115.5980 	DATA 	Keypress: up
115.6124 	EXP 	fixation: autoDraw = False
115.6124 	EXP 	grating: autoDraw = False
115.6124 	EXP 	grating: ori = 0.0
115.6124 	EXP 	fixation: autoDraw = True
116.6119 	EXP 	fixation: autoDraw = False
116.6119 	EXP 	grating: autoDraw = True
116.9119 	EXP 	grating: autoDraw = False
117.2319 	EXP 	New trial (rep=48, index=0): None
117.2332 	DATA 	Keypress: up
117.2445 	EXP 	fixation: autoDraw = False
117.2445 	EXP 	grating: autoDraw = False
117.2445 	EXP 	grating: ori = 0.0
117.2445 	EXP 	fixation: autoDraw = True
118.2438 	EXP 	fixation: autoDraw = False
118.2438 	EXP 	grating: autoDraw = True
118.5436 	EXP 	grating: autoDraw = False
118.8303 	EXP 	New trial (rep=49, index=0): None
118.8313 	DATA 	Keypress: up
118.8432 	EXP 	fixation: autoDraw = False
118.8432 	EXP 	grating: autoDraw = False
118.8432 	EXP 	grating: ori = 3.0
118.8432 	EXP 	fixation: autoDraw = True
119.8423 	EXP 	fixation: autoDraw = False
119.8423 	EXP 	grating: autoDraw = True
120.1421 	EXP 	grating: autoDraw = False
120.2781 	EXP 	New trial (rep=50, index=0): None
120.2792 	DATA 	Keypress: down
120.2921 	EXP 	fixation: autoDraw = False
120.2921 	EXP 	grating: autoDraw = False
120.2921 	EXP 	grating: ori = 0.0
120.2921 	EXP 	fixation: autoDraw = True
121.2912 	EXP 	fixation: autoDraw = False
121.2912 	EXP 	grating: autoDraw = True
121.5910 	EXP 	grating: autoDraw = False
121.8933 	EXP 	New trial (rep=51, index=0): None
121.8944 	DATA 	Keypress: up
121.9075 	EXP 	fixation: autoDraw = False
121.9075 	EXP 	grating: autoDraw = False
121.9075 	EXP 	grating: ori = 1.0
121.9075 	EXP 	fixation: autoDraw = True
122.9068 	EXP 	fixation: autoDraw = False
122.9068 	EXP 	grating: autoDraw = True
123.2064 	EXP 	grating: autoDraw = False
123.4591 	EXP 	New trial (rep=52, index=0): None
123.4604 	DATA 	Keypress: down
123.4730 	EXP 	fixation: autoDraw = False
123.4730 	EXP 	grating: autoDraw = False
123.4730 	EXP 	grating: ori = -3.0
123.4730 	EXP 	fixation: autoDraw = True
124.4723 	EXP 	fixation: autoDraw = False
124.4723 	EXP 	grating: autoDraw = True
124.7719 	EXP 	grating: autoDraw = False
124.8075 	DATA 	Keypress: up
124.8251 	EXP 	New trial (rep=53, index=0): None
124.8382 	EXP 	fixation: autoDraw = False
124.8382 	EXP 	grating: autoDraw = False
124.8382 	EXP 	grating: ori = 0.0
124.8382 	EXP 	fixation: autoDraw = True
125.8374 	EXP 	fixation: autoDraw = False
125.8374 	EXP 	grating: autoDraw = True
126.1368 	EXP 	grating: autoDraw = False
126.2553 	EXP 	New trial (rep=54, index=0): None
126.2561 	DATA 	Keypress: up
126.2704 	EXP 	fixation: autoDraw = False
126.2704 	EXP 	grating: autoDraw = False
126.2704 	EXP 	grating: ori = 0.0
126.2704 	EXP 	fixation: autoDraw = True
127.2698 	EXP 	fixation: autoDraw = False
127.2698 	EXP 	grating: autoDraw = True
127.5696 	EXP 	grating: autoDraw = False
127.6388 	EXP 	New trial (rep=55, index=0): None
127.6399 	DATA 	Keypress: up
127.6527 	EXP 	fixation: autoDraw = False
127.6527 	EXP 	grating: autoDraw = False
127.6527 	EXP 	grating: ori = -2.0
127.6527 	EXP 	fixation: autoDraw = True
128.6521 	EXP 	fixation: autoDraw = False
128.6521 	EXP 	grating: autoDraw = True
128.9518 	EXP 	grating: autoDraw = False
128.9547 	EXP 	New trial (rep=56, index=0): None
128.9559 	DATA 	Keypress: up
128.9684 	EXP 	fixation: autoDraw = False
128.9684 	EXP 	grating: autoDraw = False
128.9684 	EXP 	grating: ori = 1.0
128.9684 	EXP 	fixation: autoDraw = True
129.9676 	EXP 	grating: autoDraw = True
129.9842 	EXP 	fixation: autoDraw = False
130.2669 	EXP 	grating: autoDraw = False
130.2853 	EXP 	New trial (rep=57, index=0): None
130.2861 	DATA 	Keypress: up
130.3002 	EXP 	fixation: autoDraw = False
130.3002 	EXP 	grating: autoDraw = False
130.3002 	EXP 	grating: ori = 0.0
130.3002 	EXP 	fixation: autoDraw = True
131.2997 	EXP 	fixation: autoDraw = False
131.2997 	EXP 	grating: autoDraw = True
131.5997 	EXP 	grating: autoDraw = False
131.6518 	EXP 	New trial (rep=58, index=0): None
131.6527 	DATA 	Keypress: down
131.6661 	EXP 	fixation: autoDraw = False
131.6661 	EXP 	grating: autoDraw = False
131.6661 	EXP 	grating: ori = 0.0
131.6661 	EXP 	fixation: autoDraw = True
132.6654 	EXP 	fixation: autoDraw = False
132.6654 	EXP 	grating: autoDraw = True
132.9651 	EXP 	grating: autoDraw = False
133.0025 	EXP 	New trial (rep=59, index=0): None
133.0036 	DATA 	Keypress: down
133.0148 	EXP 	fixation: autoDraw = False
133.0148 	EXP 	grating: autoDraw = False
133.0148 	EXP 	grating: ori = 4.0
133.0148 	EXP 	fixation: autoDraw = True
134.0143 	EXP 	fixation: autoDraw = False
134.0143 	EXP 	grating: autoDraw = True
134.3138 	EXP 	grating: autoDraw = False
134.4484 	EXP 	New trial (rep=60, index=0): None
134.4492 	DATA 	Keypress: up
134.4635 	EXP 	fixation: autoDraw = False
134.4635 	EXP 	grating: autoDraw = False
134.4635 	EXP 	grating: ori = 0.0
134.4635 	EXP 	fixation: autoDraw = True
135.4631 	EXP 	fixation: autoDraw = False
135.4631 	EXP 	grating: autoDraw = True
135.7628 	EXP 	grating: autoDraw = False
138.3622 	EXP 	New trial (rep=61, index=0): None
138.3631 	DATA 	Keypress: up
138.3772 	EXP 	fixation: autoDraw = False
138.3772 	EXP 	grating: autoDraw = False
138.3772 	EXP 	grating: ori = -3.0
138.3772 	EXP 	fixation: autoDraw = True
139.3764 	EXP 	fixation: autoDraw = False
139.3764 	EXP 	grating: autoDraw = True
139.6763 	EXP 	grating: autoDraw = False
140.8111 	EXP 	New trial (rep=62, index=0): None
140.8120 	DATA 	Keypress: down
140.8249 	EXP 	fixation: autoDraw = False
140.8249 	EXP 	grating: autoDraw = False
140.8249 	EXP 	grating: ori = 0.0
140.8249 	EXP 	fixation: autoDraw = True
141.8242 	EXP 	fixation: autoDraw = False
141.8242 	EXP 	grating: autoDraw = True
142.1239 	EXP 	grating: autoDraw = False
142.5437 	EXP 	New trial (rep=63, index=0): None
142.5449 	DATA 	Keypress: up
142.5572 	EXP 	fixation: autoDraw = False
142.5572 	EXP 	grating: autoDraw = False
142.5572 	EXP 	grating: ori = 0.0
142.5572 	EXP 	fixation: autoDraw = True
143.5566 	EXP 	fixation: autoDraw = False
143.5566 	EXP 	grating: autoDraw = True
143.8561 	EXP 	grating: autoDraw = False
144.3748 	EXP 	New trial (rep=64, index=0): None
144.3757 	DATA 	Keypress: up
144.3892 	EXP 	fixation: autoDraw = False
144.3892 	EXP 	grating: autoDraw = False
144.3892 	EXP 	grating: ori = 0.0
144.3892 	EXP 	fixation: autoDraw = True
145.3882 	EXP 	grating: autoDraw = True
145.4047 	EXP 	fixation: autoDraw = False
145.6882 	EXP 	grating: autoDraw = False
145.8230 	EXP 	New trial (rep=65, index=0): None
145.8239 	DATA 	Keypress: up
145.8377 	EXP 	fixation: autoDraw = False
145.8377 	EXP 	grating: autoDraw = False
145.8377 	EXP 	grating: ori = -2.0
145.8377 	EXP 	fixation: autoDraw = True
146.8370 	EXP 	fixation: autoDraw = False
146.8370 	EXP 	grating: autoDraw = True
147.1369 	EXP 	grating: autoDraw = False
147.7058 	EXP 	New trial (rep=66, index=0): None
147.7070 	DATA 	Keypress: up
147.7194 	EXP 	fixation: autoDraw = False
147.7194 	EXP 	grating: autoDraw = False
147.7194 	EXP 	grating: ori = 0.0
147.7194 	EXP 	fixation: autoDraw = True
148.7188 	EXP 	fixation: autoDraw = False
148.7188 	EXP 	grating: autoDraw = True
149.0181 	EXP 	grating: autoDraw = False
149.5042 	EXP 	New trial (rep=67, index=0): None
149.5054 	DATA 	Keypress: down
149.5179 	EXP 	fixation: autoDraw = False
149.5179 	EXP 	grating: autoDraw = False
149.5179 	EXP 	grating: ori = 0.0
149.5179 	EXP 	fixation: autoDraw = True
150.5172 	EXP 	fixation: autoDraw = False
150.5172 	EXP 	grating: autoDraw = True
150.8169 	EXP 	grating: autoDraw = False
151.3034 	EXP 	New trial (rep=68, index=0): None
151.3049 	DATA 	Keypress: up
151.3165 	EXP 	fixation: autoDraw = False
151.3165 	EXP 	grating: autoDraw = False
151.3165 	EXP 	grating: ori = 2.0
151.3165 	EXP 	fixation: autoDraw = True
152.3158 	EXP 	fixation: autoDraw = False
152.3158 	EXP 	grating: autoDraw = True
152.6153 	EXP 	grating: autoDraw = False
152.9356 	EXP 	New trial (rep=69, index=0): None
152.9370 	DATA 	Keypress: down
152.9486 	EXP 	fixation: autoDraw = False
152.9486 	EXP 	grating: autoDraw = False
152.9486 	EXP 	grating: ori = 3.0
152.9486 	EXP 	fixation: autoDraw = True
153.9479 	EXP 	fixation: autoDraw = False
153.9479 	EXP 	grating: autoDraw = True
154.2476 	EXP 	grating: autoDraw = False
154.8671 	EXP 	New trial (rep=70, index=0): None
154.8683 	DATA 	Keypress: down
154.8805 	EXP 	fixation: autoDraw = False
154.8805 	EXP 	grating: autoDraw = False
154.8805 	EXP 	grating: ori = 0.0
154.8805 	EXP 	fixation: autoDraw = True
155.8797 	EXP 	grating: autoDraw = True
155.8963 	EXP 	fixation: autoDraw = False
156.1795 	EXP 	grating: autoDraw = False
156.3154 	EXP 	New trial (rep=71, index=0): None
156.3166 	DATA 	Keypress: up
156.3292 	EXP 	fixation: autoDraw = False
156.3292 	EXP 	grating: autoDraw = False
156.3292 	EXP 	grating: ori = 0.0
156.3292 	EXP 	fixation: autoDraw = True
157.3284 	EXP 	fixation: autoDraw = False
157.3284 	EXP 	grating: autoDraw = True
157.6280 	EXP 	grating: autoDraw = False
157.8144 	EXP 	New trial (rep=72, index=0): None
157.8156 	DATA 	Keypress: up
157.8281 	EXP 	fixation: autoDraw = False
157.8281 	EXP 	grating: autoDraw = False
157.8281 	EXP 	grating: ori = 3.0
157.8281 	EXP 	fixation: autoDraw = True
158.8274 	EXP 	grating: autoDraw = True
158.8439 	EXP 	fixation: autoDraw = False
159.1269 	EXP 	grating: autoDraw = False
159.4446 	EXP 	New trial (rep=73, index=0): None
159.4453 	DATA 	Keypress: down
159.4594 	EXP 	fixation: autoDraw = False
159.4594 	EXP 	grating: autoDraw = False
159.4594 	EXP 	grating: ori = -3.0
159.4594 	EXP 	fixation: autoDraw = True
160.4591 	EXP 	fixation: autoDraw = False
160.4591 	EXP 	grating: autoDraw = True
160.7588 	EXP 	grating: autoDraw = False
160.9786 	EXP 	New trial (rep=74, index=0): None
160.9797 	DATA 	Keypress: up
160.9921 	EXP 	fixation: autoDraw = False
160.9921 	EXP 	grating: autoDraw = False
160.9921 	EXP 	grating: ori = 0.0
160.9921 	EXP 	fixation: autoDraw = True
161.9914 	EXP 	fixation: autoDraw = False
161.9914 	EXP 	grating: autoDraw = True
162.2910 	EXP 	grating: autoDraw = False
162.6274 	EXP 	New trial (rep=75, index=0): None
162.6285 	DATA 	Keypress: up
162.6407 	EXP 	fixation: autoDraw = False
162.6407 	EXP 	grating: autoDraw = False
162.6407 	EXP 	grating: ori = -2.0
162.6407 	EXP 	fixation: autoDraw = True
163.6397 	EXP 	grating: autoDraw = True
163.6561 	EXP 	fixation: autoDraw = False
163.9394 	EXP 	grating: autoDraw = False
164.0761 	EXP 	New trial (rep=76, index=0): None
164.0777 	DATA 	Keypress: up
164.0895 	EXP 	fixation: autoDraw = False
164.0895 	EXP 	grating: autoDraw = False
164.0895 	EXP 	grating: ori = 0.0
164.0895 	EXP 	fixation: autoDraw = True
165.0887 	EXP 	fixation: autoDraw = False
165.0887 	EXP 	grating: autoDraw = True
165.3886 	EXP 	grating: autoDraw = False
165.7564 	EXP 	New trial (rep=77, index=0): None
165.7572 	DATA 	Keypress: up
165.7715 	EXP 	fixation: autoDraw = False
165.7715 	EXP 	grating: autoDraw = False
165.7715 	EXP 	grating: ori = 3.0
165.7715 	EXP 	fixation: autoDraw = True
166.7707 	EXP 	grating: autoDraw = True
166.7875 	EXP 	fixation: autoDraw = False
167.0703 	EXP 	grating: autoDraw = False
167.6900 	EXP 	New trial (rep=78, index=0): None
167.6912 	DATA 	Keypress: down
167.7031 	EXP 	fixation: autoDraw = False
167.7031 	EXP 	grating: autoDraw = False
167.7031 	EXP 	grating: ori = -5.0
167.7031 	EXP 	fixation: autoDraw = True
168.7023 	EXP 	fixation: autoDraw = False
168.7023 	EXP 	grating: autoDraw = True
169.0020 	EXP 	grating: autoDraw = False
169.5041 	EXP 	New trial (rep=79, index=0): None
169.5052 	DATA 	Keypress: down
169.5183 	EXP 	fixation: autoDraw = False
169.5183 	EXP 	grating: autoDraw = False
169.5183 	EXP 	grating: ori = 0.0
169.5183 	EXP 	fixation: autoDraw = True
170.5178 	EXP 	fixation: autoDraw = False
170.5178 	EXP 	grating: autoDraw = True
170.8175 	EXP 	grating: autoDraw = False
171.2520 	EXP 	New trial (rep=80, index=0): None
171.2529 	DATA 	Keypress: up
171.2667 	EXP 	fixation: autoDraw = False
171.2667 	EXP 	grating: autoDraw = False
171.2667 	EXP 	grating: ori = 3.0
171.2667 	EXP 	fixation: autoDraw = True
172.2662 	EXP 	fixation: autoDraw = False
172.2662 	EXP 	grating: autoDraw = True
172.5658 	EXP 	grating: autoDraw = False
173.0684 	EXP 	New trial (rep=81, index=0): None
173.0696 	DATA 	Keypress: down
173.0822 	EXP 	fixation: autoDraw = False
173.0822 	EXP 	grating: autoDraw = False
173.0822 	EXP 	grating: ori = 0.0
173.0822 	EXP 	fixation: autoDraw = True
174.0810 	EXP 	grating: autoDraw = True
174.0976 	EXP 	fixation: autoDraw = False
174.3811 	EXP 	grating: autoDraw = False
174.8339 	EXP 	New trial (rep=82, index=0): None
174.8351 	DATA 	Keypress: up
174.8470 	EXP 	fixation: autoDraw = False
174.8470 	EXP 	grating: autoDraw = False
174.8470 	EXP 	grating: ori = 1.0
174.8470 	EXP 	fixation: autoDraw = True
175.8462 	EXP 	fixation: autoDraw = False
175.8462 	EXP 	grating: autoDraw = True
176.1457 	EXP 	grating: autoDraw = False
176.3651 	EXP 	New trial (rep=83, index=0): None
176.3660 	DATA 	Keypress: up
176.3793 	EXP 	fixation: autoDraw = False
176.3793 	EXP 	grating: autoDraw = False
176.3793 	EXP 	grating: ori = 0.0
176.3793 	EXP 	fixation: autoDraw = True
177.3784 	EXP 	fixation: autoDraw = False
177.3784 	EXP 	grating: autoDraw = True
177.6785 	EXP 	grating: autoDraw = False
177.9466 	DATA 	Keypress: up
177.9646 	EXP 	New trial (rep=84, index=0): None
177.9780 	EXP 	fixation: autoDraw = False
177.9780 	EXP 	grating: autoDraw = False
177.9780 	EXP 	grating: ori = -4.0
177.9780 	EXP 	fixation: autoDraw = True
178.9774 	EXP 	fixation: autoDraw = False
178.9774 	EXP 	grating: autoDraw = True
179.2770 	EXP 	grating: autoDraw = False
179.6623 	EXP 	New trial (rep=85, index=0): None
179.6633 	DATA 	Keypress: down
179.6766 	EXP 	fixation: autoDraw = False
179.6766 	EXP 	grating: autoDraw = False
179.6766 	EXP 	grating: ori = -5.0
179.6766 	EXP 	fixation: autoDraw = True
180.6758 	EXP 	fixation: autoDraw = False
180.6758 	EXP 	grating: autoDraw = True
180.9756 	EXP 	grating: autoDraw = False
181.5275 	EXP 	New trial (rep=86, index=0): None
181.5287 	DATA 	Keypress: down
181.5417 	EXP 	fixation: autoDraw = False
181.5417 	EXP 	grating: autoDraw = False
181.5417 	EXP 	grating: ori = 0.0
181.5417 	EXP 	fixation: autoDraw = True
181.5427 	DATA 	Keypress: up
182.5408 	EXP 	fixation: autoDraw = False
182.5408 	EXP 	grating: autoDraw = True
182.8406 	EXP 	grating: autoDraw = False
183.3275 	EXP 	New trial (rep=87, index=0): None
183.3289 	DATA 	Keypress: up
183.3400 	EXP 	fixation: autoDraw = False
183.3400 	EXP 	grating: autoDraw = False
183.3400 	EXP 	grating: ori = -3.0
183.3400 	EXP 	fixation: autoDraw = True
184.3395 	EXP 	fixation: autoDraw = False
184.3395 	EXP 	grating: autoDraw = True
184.6391 	EXP 	grating: autoDraw = False
185.2418 	EXP 	New trial (rep=88, index=0): None
185.2428 	DATA 	Keypress: down
185.2553 	EXP 	fixation: autoDraw = False
185.2553 	EXP 	grating: autoDraw = False
185.2553 	EXP 	grating: ori = 3.0
185.2553 	EXP 	fixation: autoDraw = True
186.2543 	EXP 	grating: autoDraw = True
186.2709 	EXP 	fixation: autoDraw = False
186.5544 	EXP 	grating: autoDraw = False
187.1239 	EXP 	New trial (rep=89, index=0): None
187.1251 	DATA 	Keypress: down
187.1370 	EXP 	fixation: autoDraw = False
187.1370 	EXP 	grating: autoDraw = False
187.1370 	EXP 	grating: ori = 0.0
187.1370 	EXP 	fixation: autoDraw = True
188.1363 	EXP 	fixation: autoDraw = False
188.1363 	EXP 	grating: autoDraw = True
188.4361 	EXP 	grating: autoDraw = False
188.6720 	EXP 	New trial (rep=90, index=0): None
188.6732 	DATA 	Keypress: up
188.6856 	EXP 	fixation: autoDraw = False
188.6856 	EXP 	grating: autoDraw = False
188.6856 	EXP 	grating: ori = -2.0
188.6856 	EXP 	fixation: autoDraw = True
189.6851 	EXP 	fixation: autoDraw = False
189.6851 	EXP 	grating: autoDraw = True
189.9849 	EXP 	grating: autoDraw = False
190.5543 	EXP 	New trial (rep=91, index=0): None
190.5556 	DATA 	Keypress: down
190.5678 	EXP 	fixation: autoDraw = False
190.5678 	EXP 	grating: autoDraw = False
190.5678 	EXP 	grating: ori = -5.0
190.5678 	EXP 	fixation: autoDraw = True
191.5672 	EXP 	fixation: autoDraw = False
191.5672 	EXP 	grating: autoDraw = True
191.8665 	EXP 	grating: autoDraw = False
192.3023 	EXP 	New trial (rep=92, index=0): None
192.3033 	DATA 	Keypress: down
192.3162 	EXP 	fixation: autoDraw = False
192.3162 	EXP 	grating: autoDraw = False
192.3162 	EXP 	grating: ori = 0.0
192.3162 	EXP 	fixation: autoDraw = True
193.3156 	EXP 	fixation: autoDraw = False
193.3156 	EXP 	grating: autoDraw = True
193.6154 	EXP 	grating: autoDraw = False
194.0519 	EXP 	New trial (rep=93, index=0): None
194.0532 	DATA 	Keypress: up
194.0650 	EXP 	fixation: autoDraw = False
194.0650 	EXP 	grating: autoDraw = False
194.0650 	EXP 	grating: ori = 3.0
194.0650 	EXP 	fixation: autoDraw = True
195.0641 	EXP 	fixation: autoDraw = False
195.0641 	EXP 	grating: autoDraw = True
195.3638 	EXP 	grating: autoDraw = False
195.7008 	EXP 	New trial (rep=94, index=0): None
195.7022 	DATA 	Keypress: up
195.7134 	EXP 	fixation: autoDraw = False
195.7134 	EXP 	grating: autoDraw = False
195.7134 	EXP 	grating: ori = 2.0
195.7134 	EXP 	fixation: autoDraw = True
196.7127 	EXP 	fixation: autoDraw = False
196.7127 	EXP 	grating: autoDraw = True
197.0125 	EXP 	grating: autoDraw = False
197.5489 	EXP 	New trial (rep=95, index=0): None
197.5502 	DATA 	Keypress: up
197.5619 	EXP 	fixation: autoDraw = False
197.5619 	EXP 	grating: autoDraw = False
197.5619 	EXP 	grating: ori = 0.0
197.5619 	EXP 	fixation: autoDraw = True
198.5611 	EXP 	fixation: autoDraw = False
198.5611 	EXP 	grating: autoDraw = True
198.8609 	EXP 	grating: autoDraw = False
199.3138 	EXP 	New trial (rep=96, index=0): None
199.3152 	DATA 	Keypress: up
199.3271 	EXP 	fixation: autoDraw = False
199.3271 	EXP 	grating: autoDraw = False
199.3271 	EXP 	grating: ori = 0.0
199.3271 	EXP 	fixation: autoDraw = True
200.3262 	EXP 	fixation: autoDraw = False
200.3262 	EXP 	grating: autoDraw = True
200.6259 	EXP 	grating: autoDraw = False
201.1776 	EXP 	New trial (rep=97, index=0): None
201.1786 	DATA 	Keypress: down
201.1921 	EXP 	fixation: autoDraw = False
201.1921 	EXP 	grating: autoDraw = False
201.1921 	EXP 	grating: ori = 0.0
201.1921 	EXP 	fixation: autoDraw = True
202.1915 	EXP 	fixation: autoDraw = False
202.1915 	EXP 	grating: autoDraw = True
202.4912 	EXP 	grating: autoDraw = False
202.8607 	EXP 	New trial (rep=98, index=0): None
202.8619 	DATA 	Keypress: up
202.8742 	EXP 	fixation: autoDraw = False
202.8742 	EXP 	grating: autoDraw = False
202.8742 	EXP 	grating: ori = 4.0
202.8742 	EXP 	fixation: autoDraw = True
203.8734 	EXP 	fixation: autoDraw = False
203.8734 	EXP 	grating: autoDraw = True
204.1731 	EXP 	grating: autoDraw = False
204.8584 	EXP 	New trial (rep=99, index=0): None
204.8593 	DATA 	Keypress: down
204.8725 	EXP 	fixation: autoDraw = False
204.8725 	EXP 	grating: autoDraw = False
204.8725 	EXP 	grating: ori = 0.0
204.8725 	EXP 	fixation: autoDraw = True
205.8717 	EXP 	fixation: autoDraw = False
205.8717 	EXP 	grating: autoDraw = True
206.1712 	EXP 	grating: autoDraw = False
206.7732 	DATA 	Keypress: up
206.7876 	EXP 	fixation: autoDraw = False
206.7876 	EXP 	grating: autoDraw = False
206.9479 	EXP 	window1: mouseVisible = True
